c:\users\jiang\documents\visual studio 2013\projects\watercolor\watercolor\debug\vc120.pdb
c:\users\jiang\documents\visual studio 2013\projects\watercolor\watercolor\debug\vc120.idb
c:\users\jiang\documents\visual studio 2013\projects\watercolor\watercolor\debug\main.obj
c:\users\jiang\documents\visual studio 2013\projects\watercolor\debug\watercolor.pdb
c:\users\jiang\documents\visual studio 2013\projects\watercolor\watercolor\debug\watercolor.tlog\cl.command.1.tlog
c:\users\jiang\documents\visual studio 2013\projects\watercolor\watercolor\debug\watercolor.tlog\cl.read.1.tlog
c:\users\jiang\documents\visual studio 2013\projects\watercolor\watercolor\debug\watercolor.tlog\cl.write.1.tlog
c:\users\jiang\documents\visual studio 2013\projects\watercolor\watercolor\debug\watercolor.tlog\link-cvtres.read.1.tlog
c:\users\jiang\documents\visual studio 2013\projects\watercolor\watercolor\debug\watercolor.tlog\link-cvtres.write.1.tlog
c:\users\jiang\documents\visual studio 2013\projects\watercolor\watercolor\debug\watercolor.tlog\link-rc.read.1.tlog
c:\users\jiang\documents\visual studio 2013\projects\watercolor\watercolor\debug\watercolor.tlog\link-rc.write.1.tlog
c:\users\jiang\documents\visual studio 2013\projects\watercolor\watercolor\debug\watercolor.tlog\link.9188-cvtres.read.1.tlog
c:\users\jiang\documents\visual studio 2013\projects\watercolor\watercolor\debug\watercolor.tlog\link.9188-cvtres.write.1.tlog
c:\users\jiang\documents\visual studio 2013\projects\watercolor\watercolor\debug\watercolor.tlog\link.9188-rc.read.1.tlog
c:\users\jiang\documents\visual studio 2013\projects\watercolor\watercolor\debug\watercolor.tlog\link.9188-rc.write.1.tlog
c:\users\jiang\documents\visual studio 2013\projects\watercolor\watercolor\debug\watercolor.tlog\link.9188.read.1.tlog
c:\users\jiang\documents\visual studio 2013\projects\watercolor\watercolor\debug\watercolor.tlog\link.9188.write.1.tlog
c:\users\jiang\documents\visual studio 2013\projects\watercolor\watercolor\debug\watercolor.tlog\link.command.1.tlog
c:\users\jiang\documents\visual studio 2013\projects\watercolor\watercolor\debug\watercolor.tlog\link.read.1.tlog
c:\users\jiang\documents\visual studio 2013\projects\watercolor\watercolor\debug\watercolor.tlog\link.write.1.tlog
