已經開始建置於 2017/2/13 下午 04:26:14。
     1>節點 2 (Build 目標) 上的專案 "C:\Users\Jiang\Desktop\WaterColor\WaterColor\WaterColor.vcxproj"。
     1>ClCompile:
         C:\Program Files (x86)\Microsoft Visual Studio 12.0\VC\bin\CL.exe /c /ID:\TBB\tbb2017_20160916oss\include /Zi /nologo /W3 /WX- /sdl /O2 /Oi /Oy- /GL /D WIN32 /D NDEBUG /D _CONSOLE /D _LIB /D _CRT_SECURE_NO_WARNINGS /D _UNICODE /D UNICODE /Gm- /EHsc /MDd /GS /Gy /Zc:wchar_t /Zc:forScope /Fo"Release\\" /Fd"Release\vc120.pdb" /Gd /TP /analyze- /errorReport:prompt ..\main.cpp
         main.cpp
     1>C:\Program Files (x86)\Windows Kits\8.1\Include\shared\minwindef.h(130): warning C4005: 'APIENTRY' : 巨集重複定義
                 C:\Users\Jiang\Desktop\WaterColor\openglSDK\glfw-3.2.bin.WIN32\include\GLFW/glfw3.h(98) : 請參閱 'APIENTRY' 之前的定義
     1>..\main.cpp(1144): warning C4258: 'k' : 已忽略來自 for 迴圈的定義; 使用封閉範圍的定義
                 ..\main.cpp(985) : 已忽略 'k' 的定義
                 ..\main.cpp(27) : 已使用 'k' 的定義
       Link:
         C:\Program Files (x86)\Microsoft Visual Studio 12.0\VC\bin\link.exe /ERRORREPORT:PROMPT /OUT:"C:\Users\Jiang\Desktop\WaterColor\Release\WaterColor.exe" /INCREMENTAL:NO /NOLOGO /LIBPATH:D:\TBB\tbb2017_20160916oss\lib\intel64\vc12 glfw3.lib opengl32.lib glew32s.lib glut32.lib glu32.lib tbb.lib kernel32.lib user32.lib gdi32.lib winspool.lib comdlg32.lib advapi32.lib shell32.lib ole32.lib oleaut32.lib uuid.lib odbc32.lib odbccp32.lib /MANIFEST /MANIFESTUAC:"level='asInvoker' uiAccess='false'" /manifest:embed /DEBUG /PDB:"C:\Users\Jiang\Desktop\WaterColor\Release\WaterColor.pdb" /SUBSYSTEM:CONSOLE /OPT:REF /OPT:ICF /LTCG /TLBID:1 /DYNAMICBASE /NXCOMPAT /IMPLIB:"C:\Users\Jiang\Desktop\WaterColor\Release\WaterColor.lib" /MACHINE:X86 /SAFESEH Release\main.obj
         Release\paper.obj
         Release\PerlinNoise.obj
         Release\Watercolor.obj
     1>LINK : warning LNK4098: 預設的程式庫 'MSVCRT' 與其他使用的程式庫衝突，請使用 /NODEFAULTLIB:library
     1>LINK : warning LNK4098: 預設的程式庫 'LIBCMT' 與其他使用的程式庫衝突，請使用 /NODEFAULTLIB:library
         正在產生程式碼
         已完成程式碼產生
     1>glew32s.lib(glew.obj) : warning LNK4099: 找不到 PDB 'vc120.pdb' (有 'glew32s.lib(glew.obj)' 或位於 'C:\Users\Jiang\Desktop\WaterColor\Release\vc120.pdb')，當做沒有偵錯資訊，連結物件
         WaterColor.vcxproj -> C:\Users\Jiang\Desktop\WaterColor\Release\WaterColor.exe
     1>專案 "C:\Users\Jiang\Desktop\WaterColor\WaterColor\WaterColor.vcxproj" (Build 目標) 建置完成。

建置成功。

經過時間 00:00:01.75
